-----ri2v_train hidden_units:100 n_sampled:2048
5 0.1143 0.2975 0.4046 0.5158 0.1108 0.2878 0.3884 0.4994 0.1732 0.1866 0.1943 0.1794 0.1931 0.2006 2.0002 3.5503
10 0.1236 0.3118 0.4161 0.5242 0.1210 0.2991 0.4003 0.5077 0.1840 0.1975 0.2049 0.1886 0.2022 0.2096 1.9043 3.4798
15 0.1258 0.3156 0.4174 0.5259 0.1219 0.3039 0.4015 0.5085 0.1859 0.1989 0.2063 0.1909 0.2041 0.2116 1.8718 3.4466
20 0.1271 0.3153 0.4184 0.5262 0.1210 0.2998 0.4016 0.5075 0.1849 0.1986 0.2059 0.1909 0.2046 0.2119 1.8187 3.4254
25 0.1276 0.3161 0.4176 0.5256 0.1235 0.3052 0.4027 0.5076 0.1876 0.2005 0.2078 0.1921 0.2054 0.2127 1.8814 3.4062
30 0.1267 0.3163 0.4183 0.5266 0.1221 0.3038 0.4032 0.5088 0.1865 0.1998 0.2071 0.1909 0.2044 0.2117 1.7788 3.4082
35 0.1272 0.3167 0.4189 0.5261 0.1221 0.3042 0.4033 0.5081 0.1869 0.2001 0.2074 0.1913 0.2048 0.2121 1.7713 3.4048
40 0.1261 0.3165 0.4189 0.5261 0.1199 0.3065 0.4027 0.5083 0.1865 0.1993 0.2067 0.1907 0.2039 0.2112 1.7647 3.4127
-----ri2v_train hidden_units:100 n_sampled:4096
5 0.1172 0.3003 0.4040 0.5170 0.1135 0.2905 0.3899 0.5026 0.1757 0.1890 0.1968 0.1823 0.1956 0.2032 2.5515 4.1904
10 0.1246 0.3129 0.4128 0.5227 0.1200 0.3039 0.3998 0.5092 0.1853 0.1981 0.2056 0.1905 0.2034 0.2108 2.3897 4.0972
15 0.1263 0.3141 0.4154 0.5234 0.1219 0.3040 0.4024 0.5097 0.1870 0.2001 0.2075 0.1917 0.2047 0.2120 2.3070 4.0463
20 0.1266 0.3149 0.4150 0.5259 0.1228 0.3069 0.4013 0.5130 0.1886 0.2013 0.2090 0.1926 0.2056 0.2131 2.4095 4.0316
25 0.1263 0.3142 0.4158 0.5240 0.1239 0.3067 0.4031 0.5112 0.1894 0.2023 0.2098 0.1928 0.2058 0.2132 2.4708 4.0279
30 0.1269 0.3153 0.4154 0.5243 0.1235 0.3067 0.4036 0.5108 0.1886 0.2016 0.2090 0.1922 0.2052 0.2125 2.3397 4.0338
35 0.1260 0.3158 0.4165 0.5242 0.1217 0.3072 0.4047 0.5090 0.1880 0.2010 0.2082 0.1918 0.2049 0.2122 2.3556 4.0205
40 0.1285 0.3166 0.4167 0.5249 0.1251 0.3076 0.4055 0.5103 0.1900 0.2031 0.2103 0.1937 0.2067 0.2139 2.3542 4.0225
-----ri2v_train hidden_units:200 n_sampled:2048
5 0.1248 0.3152 0.4180 0.5300 0.1224 0.3046 0.4000 0.5122 0.1871 0.1998 0.2076 0.1919 0.2051 0.2126 1.8475 3.5159
10 0.1289 0.3190 0.4236 0.5327 0.1254 0.3061 0.4079 0.5149 0.1899 0.2036 0.2110 0.1945 0.2081 0.2154 1.7767 3.4536
15 0.1287 0.3210 0.4244 0.5343 0.1262 0.3073 0.4088 0.5161 0.1908 0.2044 0.2118 0.1954 0.2087 0.2161 1.7555 3.4168
20 0.1282 0.3228 0.4257 0.5338 0.1256 0.3106 0.4092 0.5174 0.1913 0.2044 0.2119 0.1956 0.2088 0.2161 1.7504 3.4065
25 0.1285 0.3232 0.4274 0.5337 0.1252 0.3112 0.4120 0.5180 0.1917 0.2052 0.2125 0.1955 0.2090 0.2162 1.7658 3.4050
30 0.1269 0.3225 0.4272 0.5349 0.1253 0.3128 0.4110 0.5192 0.1920 0.2051 0.2126 0.1948 0.2082 0.2155 1.7624 3.3966
35 0.1292 0.3234 0.4272 0.5340 0.1269 0.3124 0.4116 0.5186 0.1931 0.2064 0.2138 0.1969 0.2103 0.2175 1.7330 3.4021
40 0.1277 0.3231 0.4262 0.5345 0.1242 0.3121 0.4090 0.5184 0.1912 0.2042 0.2118 0.1952 0.2084 0.2159 1.7462 3.3885
-----ri2v_train hidden_units:200 n_sampled:4096
5 0.1252 0.3158 0.4188 0.5268 0.1235 0.3049 0.4050 0.5124 0.1884 0.2018 0.2092 0.1935 0.2068 0.2141 2.4434 4.1200
10 0.1289 0.3194 0.4224 0.5306 0.1263 0.3089 0.4087 0.5176 0.1914 0.2046 0.2122 0.1959 0.2093 0.2167 2.3402 4.0381
15 0.1303 0.3230 0.4260 0.5309 0.1280 0.3126 0.4123 0.5158 0.1935 0.2067 0.2139 0.1978 0.2111 0.2182 2.2989 4.0159
20 0.1283 0.3218 0.4261 0.5321 0.1265 0.3126 0.4121 0.5193 0.1930 0.2063 0.2137 0.1969 0.2102 0.2175 2.2637 4.0068
25 0.1297 0.3235 0.4259 0.5322 0.1285 0.3153 0.4148 0.5175 0.1953 0.2086 0.2157 0.1977 0.2109 0.2181 2.2432 3.9990
30 0.1297 0.3242 0.4271 0.5327 0.1276 0.3169 0.4153 0.5190 0.1955 0.2086 0.2158 0.1984 0.2116 0.2188 2.3047 3.9934
35 0.1311 0.3244 0.4266 0.5310 0.1298 0.3167 0.4119 0.5170 0.1964 0.2091 0.2165 0.1988 0.2117 0.2189 2.2361 4.0049
40 0.1308 0.3237 0.4269 0.5316 0.1297 0.3160 0.4161 0.5187 0.1961 0.2094 0.2166 0.1985 0.2117 0.2189 2.2845 4.0074
